c:\users\cy\desktop\work\workmanage\cmvfindroundparamwidget\cmvfindroundparamwidget\x64\debug\vc140.pdb
c:\users\cy\desktop\work\workmanage\cmvfindroundparamwidget\cmvfindroundparamwidget\x64\debug\main.obj
c:\users\cy\desktop\work\workmanage\cmvfindroundparamwidget\cmvfindroundparamwidget\x64\debug\moc_cysecondlevelmenu.obj
c:\users\cy\desktop\work\workmanage\cmvfindroundparamwidget\cmvfindroundparamwidget\x64\debug\moc_cmvfindroundparamwidget.obj
c:\users\cy\desktop\work\workmanage\cmvfindroundparamwidget\cmvfindroundparamwidget\x64\debug\cysecondlevelmenu.obj
c:\users\cy\desktop\work\workmanage\cmvfindroundparamwidget\cmvfindroundparamwidget\x64\debug\cmvfindroundparamwidget.obj
c:\users\cy\desktop\work\workmanage\cmvfindroundparamwidget\cmvfindroundparamwidget\x64\debug\qrc_cmvfindroundparamwidget.obj
c:\users\cy\desktop\work\workmanage\cmvfindroundparamwidget\cmvfindroundparamwidget\generatedfiles\debug\moc_cmvfindroundparamwidget.cpp
c:\users\cy\desktop\work\workmanage\cmvfindroundparamwidget\cmvfindroundparamwidget\generatedfiles\ui_cmvfindroundparamwidget.h
c:\users\cy\desktop\work\workmanage\cmvfindroundparamwidget\cmvfindroundparamwidget\generatedfiles\debug\moc_cysecondlevelmenu.cpp
c:\users\cy\desktop\work\workmanage\cmvfindroundparamwidget\cmvfindroundparamwidget\generatedfiles\qrc_cmvfindroundparamwidget.cpp
c:\users\cy\desktop\work\workmanage\cmvfindroundparamwidget\x64\debug\cmvfindroundparamwidget.ilk
c:\users\cy\desktop\work\workmanage\cmvfindroundparamwidget\x64\debug\cmvfindroundparamwidget.exe
c:\users\cy\desktop\work\workmanage\cmvfindroundparamwidget\x64\debug\cmvfindroundparamwidget.pdb
c:\users\cy\desktop\work\workmanage\cmvfindroundparamwidget\cmvfindroundparamwidget\x64\debug\cmvfindr.b12702ad.tlog\cl.command.1.tlog
c:\users\cy\desktop\work\workmanage\cmvfindroundparamwidget\cmvfindroundparamwidget\x64\debug\cmvfindr.b12702ad.tlog\cl.read.1.tlog
c:\users\cy\desktop\work\workmanage\cmvfindroundparamwidget\cmvfindroundparamwidget\x64\debug\cmvfindr.b12702ad.tlog\cl.write.1.tlog
c:\users\cy\desktop\work\workmanage\cmvfindroundparamwidget\cmvfindroundparamwidget\x64\debug\cmvfindr.b12702ad.tlog\custombuild.command.1.tlog
c:\users\cy\desktop\work\workmanage\cmvfindroundparamwidget\cmvfindroundparamwidget\x64\debug\cmvfindr.b12702ad.tlog\custombuild.read.1.tlog
c:\users\cy\desktop\work\workmanage\cmvfindroundparamwidget\cmvfindroundparamwidget\x64\debug\cmvfindr.b12702ad.tlog\custombuild.write.1.tlog
c:\users\cy\desktop\work\workmanage\cmvfindroundparamwidget\cmvfindroundparamwidget\x64\debug\cmvfindr.b12702ad.tlog\link.command.1.tlog
c:\users\cy\desktop\work\workmanage\cmvfindroundparamwidget\cmvfindroundparamwidget\x64\debug\cmvfindr.b12702ad.tlog\link.read.1.tlog
c:\users\cy\desktop\work\workmanage\cmvfindroundparamwidget\cmvfindroundparamwidget\x64\debug\cmvfindr.b12702ad.tlog\link.write.1.tlog
