c:\users\cy\desktop\work\workmanage\cmvvisionparamwidget\cmvvisionparamwidget\x64\debug\vc140.pdb
c:\users\cy\desktop\work\workmanage\cmvvisionparamwidget\cmvvisionparamwidget\x64\debug\main.obj
c:\users\cy\desktop\work\workmanage\cmvvisionparamwidget\cmvvisionparamwidget\x64\debug\cmvsecondlevelmenu.obj
c:\users\cy\desktop\work\workmanage\cmvvisionparamwidget\cmvvisionparamwidget\x64\debug\cmvfindroundparamwidget.obj
c:\users\cy\desktop\work\workmanage\cmvvisionparamwidget\cmvvisionparamwidget\x64\debug\cmvfindlineparamwidget.obj
c:\users\cy\desktop\work\workmanage\cmvvisionparamwidget\cmvvisionparamwidget\x64\debug\cmvcolorimagescut.obj
c:\users\cy\desktop\work\workmanage\cmvvisionparamwidget\cmvvisionparamwidget\x64\debug\cmvcolorconversionblackandwhite.obj
c:\users\cy\desktop\work\workmanage\cmvvisionparamwidget\cmvvisionparamwidget\x64\debug\cmvblackandwhiteconversioncolor.obj
c:\users\cy\desktop\work\workmanage\cmvvisionparamwidget\cmvvisionparamwidget\x64\debug\moc_cmvsecondlevelmenu.obj
c:\users\cy\desktop\work\workmanage\cmvvisionparamwidget\cmvvisionparamwidget\x64\debug\moc_cmvfindroundparamwidget.obj
c:\users\cy\desktop\work\workmanage\cmvvisionparamwidget\cmvvisionparamwidget\x64\debug\moc_cmvfindlineparamwidget.obj
c:\users\cy\desktop\work\workmanage\cmvvisionparamwidget\cmvvisionparamwidget\x64\debug\moc_cmvcolorimagescut.obj
c:\users\cy\desktop\work\workmanage\cmvvisionparamwidget\cmvvisionparamwidget\x64\debug\moc_cmvcolorconversionblackandwhite.obj
c:\users\cy\desktop\work\workmanage\cmvvisionparamwidget\cmvvisionparamwidget\x64\debug\moc_cmvblackandwhiteconversioncolor.obj
c:\users\cy\desktop\work\workmanage\cmvvisionparamwidget\cmvvisionparamwidget\x64\debug\qrc_css.obj
c:\users\cy\desktop\work\workmanage\cmvvisionparamwidget\cmvvisionparamwidget\generatedfiles\ui_cmvfindlineparamwidget.h
c:\users\cy\desktop\work\workmanage\cmvvisionparamwidget\cmvvisionparamwidget\generatedfiles\debug\moc_cmvcolorimagescut.cpp
c:\users\cy\desktop\work\workmanage\cmvvisionparamwidget\cmvvisionparamwidget\generatedfiles\debug\moc_cmvcolorconversionblackandwhite.cpp
c:\users\cy\desktop\work\workmanage\cmvvisionparamwidget\cmvvisionparamwidget\generatedfiles\debug\moc_cmvsecondlevelmenu.cpp
c:\users\cy\desktop\work\workmanage\cmvvisionparamwidget\cmvvisionparamwidget\generatedfiles\debug\moc_cmvfindroundparamwidget.cpp
c:\users\cy\desktop\work\workmanage\cmvvisionparamwidget\cmvvisionparamwidget\generatedfiles\debug\moc_cmvfindlineparamwidget.cpp
c:\users\cy\desktop\work\workmanage\cmvvisionparamwidget\cmvvisionparamwidget\generatedfiles\ui_cmvfindroundparamwidget.h
c:\users\cy\desktop\work\workmanage\cmvvisionparamwidget\cmvvisionparamwidget\generatedfiles\qrc_css.cpp
c:\users\cy\desktop\work\workmanage\cmvvisionparamwidget\cmvvisionparamwidget\generatedfiles\ui_cmvcolorconversionblackandwhite.h
c:\users\cy\desktop\work\workmanage\cmvvisionparamwidget\cmvvisionparamwidget\generatedfiles\ui_cmvcolorimagescut.h
c:\users\cy\desktop\work\workmanage\cmvvisionparamwidget\cmvvisionparamwidget\generatedfiles\debug\moc_cmvblackandwhiteconversioncolor.cpp
c:\users\cy\desktop\work\workmanage\cmvvisionparamwidget\cmvvisionparamwidget\generatedfiles\ui_cmvblackandwhiteconversioncolor.h
c:\users\cy\desktop\work\workmanage\cmvvisionparamwidget\x64\debug\cmvvisionparamwidget.ilk
c:\users\cy\desktop\work\workmanage\cmvvisionparamwidget\x64\debug\cmvvisionparamwidget.exe
c:\users\cy\desktop\work\workmanage\cmvvisionparamwidget\x64\debug\cmvvisionparamwidget.pdb
c:\users\cy\desktop\work\workmanage\cmvvisionparamwidget\cmvvisionparamwidget\x64\debug\cmvvisio.b12702ad.tlog\cl.command.1.tlog
c:\users\cy\desktop\work\workmanage\cmvvisionparamwidget\cmvvisionparamwidget\x64\debug\cmvvisio.b12702ad.tlog\cl.read.1.tlog
c:\users\cy\desktop\work\workmanage\cmvvisionparamwidget\cmvvisionparamwidget\x64\debug\cmvvisio.b12702ad.tlog\cl.write.1.tlog
c:\users\cy\desktop\work\workmanage\cmvvisionparamwidget\cmvvisionparamwidget\x64\debug\cmvvisio.b12702ad.tlog\custombuild.command.1.tlog
c:\users\cy\desktop\work\workmanage\cmvvisionparamwidget\cmvvisionparamwidget\x64\debug\cmvvisio.b12702ad.tlog\custombuild.read.1.tlog
c:\users\cy\desktop\work\workmanage\cmvvisionparamwidget\cmvvisionparamwidget\x64\debug\cmvvisio.b12702ad.tlog\custombuild.write.1.tlog
c:\users\cy\desktop\work\workmanage\cmvvisionparamwidget\cmvvisionparamwidget\x64\debug\cmvvisio.b12702ad.tlog\link.command.1.tlog
c:\users\cy\desktop\work\workmanage\cmvvisionparamwidget\cmvvisionparamwidget\x64\debug\cmvvisio.b12702ad.tlog\link.read.1.tlog
c:\users\cy\desktop\work\workmanage\cmvvisionparamwidget\cmvvisionparamwidget\x64\debug\cmvvisio.b12702ad.tlog\link.write.1.tlog
